<?xml version="1.0" encoding="UTF-8"?>
<!-- Generated by org.testng.reporters.JUnitReportReporter -->
<testsuite hostname="DESKTOP-406CS7E" failures="0" tests="1" name="test.ProductSelectionTest" time="7.829" errors="0" timestamp="2021-07-02T21:38:06 SGT" skipped="0">
  <testcase classname="test.ProductSelectionTest" name="testcase1" time="7.829"/>
  <system-out/>
</testsuite> <!-- test.ProductSelectionTest -->
